<?xml version="1.0" encoding="UTF-8"?>
<testsuite xmlns:xsi="http://www.w3.org/2001/XMLSchema-instance" xsi:noNamespaceSchemaLocation="https://maven.apache.org/surefire/maven-surefire-plugin/xsd/surefire-test-report.xsd" name="ca.uhn.fhir.rest.server.CreateBinaryDstu2_1Test" time="0.725" tests="4" errors="0" skipped="0" failures="0">
  <properties>
[...]
</properties>
  <testcase name="testRawBytesFhirContentTypeContainingFhir" classname="ca.uhn.fhir.rest.server.CreateBinaryDstu2_1Test" time="0.099"/>
  <testcase name="testRawBytesFhirContentType" classname="ca.uhn.fhir.rest.server.CreateBinaryDstu2_1Test" time="0.005"/>
  <testcase name="testRawBytesNoContentType" classname="ca.uhn.fhir.rest.server.CreateBinaryDstu2_1Test" time="0.004"/>
  <testcase name="testRawBytesBinaryContentType" classname="ca.uhn.fhir.rest.server.CreateBinaryDstu2_1Test" time="0.003"/>
</testsuite>